2019-06-18 14:48:13,565 INFO com.batch.mongo.csv.entity.config.MongoToCsv [main] Starting MongoToCsv v0.0.1-SNAPSHOT on BLRL58331 with PID 21260 (C:\DevelopmentTech\Aru\spring\csv\target\csv-0.0.1-SNAPSHOT.jar started by sdevireddy in C:\DevelopmentTech\Aru\spring\csv)
2019-06-18 14:48:13,568 DEBUG com.batch.mongo.csv.entity.config.MongoToCsv [main] Running with Spring Boot v2.1.3.RELEASE, Spring v5.1.5.RELEASE
2019-06-18 14:48:13,569 INFO com.batch.mongo.csv.entity.config.MongoToCsv [main] No active profile set, falling back to default profiles: default
2019-06-18 14:48:14,999 INFO org.springframework.data.repository.config.RepositoryConfigurationDelegate [main] Multiple Spring Data modules found, entering strict repository configuration mode!
2019-06-18 14:48:15,004 INFO org.springframework.data.repository.config.RepositoryConfigurationDelegate [main] Bootstrapping Spring Data repositories in DEFAULT mode.
2019-06-18 14:48:15,053 INFO org.springframework.data.repository.config.RepositoryConfigurationDelegate [main] Finished Spring Data repository scanning in 35ms. Found 0 repository interfaces.
2019-06-18 14:48:15,088 INFO org.springframework.data.repository.config.RepositoryConfigurationDelegate [main] Multiple Spring Data modules found, entering strict repository configuration mode!
2019-06-18 14:48:15,088 INFO org.springframework.data.repository.config.RepositoryConfigurationDelegate [main] Bootstrapping Spring Data repositories in DEFAULT mode.
2019-06-18 14:48:15,090 INFO org.springframework.data.repository.config.RepositoryConfigurationDelegate [main] Finished Spring Data repository scanning in 1ms. Found 0 repository interfaces.
2019-06-18 14:48:15,614 INFO org.springframework.context.support.PostProcessorRegistrationDelegate$BeanPostProcessorChecker [main] Bean 'org.springframework.transaction.annotation.ProxyTransactionManagementConfiguration' of type [org.springframework.transaction.annotation.ProxyTransactionManagementConfiguration$$EnhancerBySpringCGLIB$$60123c80] is not eligible for getting processed by all BeanPostProcessors (for example: not eligible for auto-proxying)
2019-06-18 14:48:17,019 INFO org.springframework.boot.web.embedded.tomcat.TomcatWebServer [main] Tomcat initialized with port(s): 8888 (http)
2019-06-18 14:48:17,279 INFO org.springframework.web.context.ContextLoader [main] Root WebApplicationContext: initialization completed in 3618 ms
2019-06-18 14:48:20,591 INFO org.springframework.orm.jpa.LocalContainerEntityManagerFactoryBean [main] Initialized JPA EntityManagerFactory for persistence unit 'default'
2019-06-18 14:48:23,417 INFO com.batch.mongo.csv.entity.config.ApplicationConfig [main] Mongo DB data fetching inititated
2019-06-18 14:48:23,741 INFO com.batch.mongo.csv.entity.config.ApplicationConfig [main] Writer records to csv file
2019-06-18 14:48:24,398 INFO org.springframework.scheduling.concurrent.ThreadPoolTaskExecutor [main] Initializing ExecutorService 'applicationTaskExecutor'
2019-06-18 14:48:24,500 WARN org.springframework.boot.autoconfigure.orm.jpa.JpaBaseConfiguration$JpaWebConfiguration$JpaWebMvcConfiguration [main] spring.jpa.open-in-view is enabled by default. Therefore, database queries may be performed during view rendering. Explicitly configure spring.jpa.open-in-view to disable this warning
2019-06-18 14:48:24,682 WARN org.springframework.boot.autoconfigure.batch.JpaBatchConfigurer [main] JPA does not support custom isolation levels, so locks may not be taken when launching Jobs
2019-06-18 14:48:24,686 INFO org.springframework.batch.core.repository.support.JobRepositoryFactoryBean [main] No database type set, using meta data indicating: DERBY
2019-06-18 14:48:24,733 INFO org.springframework.batch.core.launch.support.SimpleJobLauncher [main] No TaskExecutor has been set, defaulting to synchronous executor.
2019-06-18 14:48:25,391 INFO org.springframework.boot.web.embedded.tomcat.TomcatWebServer [main] Tomcat started on port(s): 8888 (http) with context path ''
2019-06-18 14:48:25,394 INFO com.batch.mongo.csv.entity.config.MongoToCsv [main] Started MongoToCsv in 12.545 seconds (JVM running for 13.371)
2019-06-18 14:48:25,398 INFO org.springframework.boot.autoconfigure.batch.JobLauncherCommandLineRunner [main] Running default command line with: [--spring.config.location=file:config.properties,classpath:application.properties]
2019-06-18 14:48:25,797 INFO org.springframework.batch.core.launch.support.SimpleJobLauncher [main] Job: [FlowJob: [name=exportUserJob]] launched with the following parameters: [{-spring.config.location=file:config.properties,classpath:application.properties, run.id=1}]
2019-06-18 14:48:25,924 INFO org.springframework.batch.core.job.SimpleStepHandler [main] Executing step: [step1]
2019-06-18 14:48:26,246 DEBUG org.springframework.data.mongodb.core.MongoTemplate [main] find using query: { "dob" : { "$gt" : { "$date" : 1573065000000 }, "$lt" : { "$date" : 1573151400000 } } } fields: Document{{}} for class: class com.batch.mongo.csv.entity.MongoDBEntity in collection: information
2019-06-18 14:48:26,377 INFO org.springframework.batch.core.launch.support.SimpleJobLauncher [main] Job: [FlowJob: [name=exportUserJob]] completed with the following parameters: [{-spring.config.location=file:config.properties,classpath:application.properties, run.id=1}] and the following status: [COMPLETED]
2019-06-18 14:48:26,395 INFO org.springframework.scheduling.concurrent.ThreadPoolTaskExecutor [main] Shutting down ExecutorService 'applicationTaskExecutor'
2019-06-18 14:48:26,403 INFO org.springframework.orm.jpa.LocalContainerEntityManagerFactoryBean [main] Closing JPA EntityManagerFactory for persistence unit 'default'
2019-06-18 14:49:16,114 INFO com.batch.mongo.csv.entity.config.MongoToCsv [main] Starting MongoToCsv v0.0.1-SNAPSHOT on BLRL58331 with PID 10524 (C:\DevelopmentTech\Aru\spring\csv\target\csv-0.0.1-SNAPSHOT.jar started by sdevireddy in C:\DevelopmentTech\Aru\spring\csv)
2019-06-18 14:49:16,119 DEBUG com.batch.mongo.csv.entity.config.MongoToCsv [main] Running with Spring Boot v2.1.3.RELEASE, Spring v5.1.5.RELEASE
2019-06-18 14:49:16,127 INFO com.batch.mongo.csv.entity.config.MongoToCsv [main] No active profile set, falling back to default profiles: default
2019-06-18 14:49:18,287 INFO org.springframework.data.repository.config.RepositoryConfigurationDelegate [main] Multiple Spring Data modules found, entering strict repository configuration mode!
2019-06-18 14:49:18,291 INFO org.springframework.data.repository.config.RepositoryConfigurationDelegate [main] Bootstrapping Spring Data repositories in DEFAULT mode.
2019-06-18 14:49:18,336 INFO org.springframework.data.repository.config.RepositoryConfigurationDelegate [main] Finished Spring Data repository scanning in 29ms. Found 0 repository interfaces.
2019-06-18 14:49:18,382 INFO org.springframework.data.repository.config.RepositoryConfigurationDelegate [main] Multiple Spring Data modules found, entering strict repository configuration mode!
2019-06-18 14:49:18,382 INFO org.springframework.data.repository.config.RepositoryConfigurationDelegate [main] Bootstrapping Spring Data repositories in DEFAULT mode.
2019-06-18 14:49:18,384 INFO org.springframework.data.repository.config.RepositoryConfigurationDelegate [main] Finished Spring Data repository scanning in 2ms. Found 0 repository interfaces.
2019-06-18 14:49:18,932 INFO org.springframework.context.support.PostProcessorRegistrationDelegate$BeanPostProcessorChecker [main] Bean 'org.springframework.transaction.annotation.ProxyTransactionManagementConfiguration' of type [org.springframework.transaction.annotation.ProxyTransactionManagementConfiguration$$EnhancerBySpringCGLIB$$4d392b10] is not eligible for getting processed by all BeanPostProcessors (for example: not eligible for auto-proxying)
2019-06-18 14:49:20,324 INFO org.springframework.boot.web.embedded.tomcat.TomcatWebServer [main] Tomcat initialized with port(s): 8888 (http)
2019-06-18 14:49:20,556 INFO org.springframework.web.context.ContextLoader [main] Root WebApplicationContext: initialization completed in 4268 ms
2019-06-18 14:49:23,688 INFO org.springframework.orm.jpa.LocalContainerEntityManagerFactoryBean [main] Initialized JPA EntityManagerFactory for persistence unit 'default'
2019-06-18 14:49:26,529 INFO com.batch.mongo.csv.entity.config.ApplicationConfig [main] Mongo DB data fetching inititated
2019-06-18 14:49:26,790 INFO com.batch.mongo.csv.entity.config.ApplicationConfig [main] Writer records to csv file
2019-06-18 14:49:27,279 INFO org.springframework.scheduling.concurrent.ThreadPoolTaskExecutor [main] Initializing ExecutorService 'applicationTaskExecutor'
2019-06-18 14:49:27,381 WARN org.springframework.boot.autoconfigure.orm.jpa.JpaBaseConfiguration$JpaWebConfiguration$JpaWebMvcConfiguration [main] spring.jpa.open-in-view is enabled by default. Therefore, database queries may be performed during view rendering. Explicitly configure spring.jpa.open-in-view to disable this warning
2019-06-18 14:49:27,562 WARN org.springframework.boot.autoconfigure.batch.JpaBatchConfigurer [main] JPA does not support custom isolation levels, so locks may not be taken when launching Jobs
2019-06-18 14:49:27,566 INFO org.springframework.batch.core.repository.support.JobRepositoryFactoryBean [main] No database type set, using meta data indicating: DERBY
2019-06-18 14:49:27,604 INFO org.springframework.batch.core.launch.support.SimpleJobLauncher [main] No TaskExecutor has been set, defaulting to synchronous executor.
2019-06-18 14:49:28,472 INFO org.springframework.boot.web.embedded.tomcat.TomcatWebServer [main] Tomcat started on port(s): 8888 (http) with context path ''
2019-06-18 14:49:28,477 INFO com.batch.mongo.csv.entity.config.MongoToCsv [main] Started MongoToCsv in 13.196 seconds (JVM running for 14.052)
2019-06-18 14:49:28,487 INFO org.springframework.boot.autoconfigure.batch.JobLauncherCommandLineRunner [main] Running default command line with: [--spring.config.location=file:config.properties,classpath:application.properties]
2019-06-18 14:49:28,935 INFO org.springframework.batch.core.launch.support.SimpleJobLauncher [main] Job: [FlowJob: [name=exportUserJob]] launched with the following parameters: [{-spring.config.location=file:config.properties,classpath:application.properties, run.id=1}]
2019-06-18 14:49:29,074 INFO org.springframework.batch.core.job.SimpleStepHandler [main] Executing step: [step1]
2019-06-18 14:49:29,306 DEBUG org.springframework.data.mongodb.core.MongoTemplate [main] find using query: { "dob" : { "$gt" : { "$date" : 1572978600000 }, "$lt" : { "$date" : 1573669800000 } } } fields: Document{{}} for class: class com.batch.mongo.csv.entity.MongoDBEntity in collection: information
2019-06-18 14:49:29,418 DEBUG org.springframework.data.mongodb.core.MongoTemplate [main] find using query: { "dob" : { "$gt" : { "$date" : 1572978600000 }, "$lt" : { "$date" : 1573669800000 } } } fields: Document{{}} for class: class com.batch.mongo.csv.entity.MongoDBEntity in collection: information
2019-06-18 14:49:29,442 INFO org.springframework.batch.core.launch.support.SimpleJobLauncher [main] Job: [FlowJob: [name=exportUserJob]] completed with the following parameters: [{-spring.config.location=file:config.properties,classpath:application.properties, run.id=1}] and the following status: [COMPLETED]
2019-06-18 14:49:29,454 INFO org.springframework.scheduling.concurrent.ThreadPoolTaskExecutor [main] Shutting down ExecutorService 'applicationTaskExecutor'
2019-06-18 14:49:29,460 INFO org.springframework.orm.jpa.LocalContainerEntityManagerFactoryBean [main] Closing JPA EntityManagerFactory for persistence unit 'default'
